<?xml version="1.0" encoding="UTF-8"?>
<!-- Generated by org.testng.reporters.JUnitReportReporter -->
<testsuite hostname="DESKTOP-PTK9AB3" failures="0" tests="1" name="TestRunner" time="0.142" errors="1" timestamp="2023-04-16T13:16:19 EDT" skipped="0">
  <testcase classname="TestRunner" name="runScenario" time="0.142">
    <error message="Cannot invoke &quot;String.equalsIgnoreCase(String)&quot; because &quot;driverType&quot; is null" type="java.lang.NullPointerException">
      <![CDATA[java.lang.NullPointerException: Cannot invoke "String.equalsIgnoreCase(String)" because "driverType" is null
at base.Config.setupBrowser(Config.java:17)
at stepDef.Hook.beforeEachTest(Hook.java:16)
]]>
    </error>
  </testcase> <!-- runScenario -->
  <system-out/>
</testsuite> <!-- TestRunner -->
